<?xml version="1.0" encoding="UTF-8"?>
<!-- Generated by org.testng.reporters.JUnitReportReporter -->
<testsuite hostname="LAPTOP-NQPDM386" failures="0" tests="1" name="com.qa.Package.TESTNG.DataProvider" time="0.801" errors="0" timestamp="2025-01-02T01:00:20 IST" skipped="0">
  <testcase classname="com.qa.Package.TESTNG.DataProvider" name="login" time="0.801"/>
</testsuite> <!-- com.qa.Package.TESTNG.DataProvider -->
